{
  "stats": {
    "suites": 1,
    "tests": 1,
    "passes": 0,
    "pending": 0,
    "failures": 1,
    "start": "2023-01-26T15:56:56.227Z",
    "end": "2023-01-26T15:57:07.005Z",
    "duration": 10778,
    "testsRegistered": 1,
    "passPercent": 0,
    "pendingPercent": 0,
    "other": 0,
    "hasOther": false,
    "skipped": 0,
    "hasSkipped": false
  },
  "results": [
    {
      "uuid": "88222337-7dd1-40cb-a5cf-ce816ac9b1bf",
      "title": "",
      "fullFile": "cypress/e2e/features/login.feature",
      "file": "cypress/e2e/features/login.feature",
      "beforeHooks": [],
      "afterHooks": [],
      "tests": [],
      "suites": [
        {
          "uuid": "12e87bbd-5217-4415-a1f0-4de574be214d",
          "title": "Login",
          "fullFile": "",
          "file": "",
          "beforeHooks": [],
          "afterHooks": [],
          "tests": [
            {
              "title": "Login user with incorrect email and password (example #1)",
              "fullTitle": "Login Login user with incorrect email and password (example #1)",
              "timedOut": null,
              "duration": 9964,
              "state": "failed",
              "speed": null,
              "pass": false,
              "fail": true,
              "pending": false,
              "context": null,
              "code": "var _a2, _b, _c, _d, _e;\nconst { remainingSteps, testCaseStartedId } = retrieveInternalSpecProperties();\n(0, registry_1.assignRegistry)(registry2);\nmessages.stack.push({\n  testCaseStarted: {\n    id: testCaseStartedId,\n    testCaseId,\n    attempt: attempt++,\n    timestamp: (0, messages_helpers_1.createTimestamp)()\n  }\n});\nwindow.testState = {\n  gherkinDocument,\n  pickles,\n  pickle\n};\nfor (const step of steps) {\n  if (step.hook) {\n    const hook = step.hook;\n    cy.then(() => {\n      delete window.testState.pickleStep;\n      const start = (0, messages_helpers_1.createTimestamp)();\n      messages.stack.push({\n        testStepStarted: {\n          testStepId: hook.id,\n          testCaseStartedId,\n          timestamp: start\n        }\n      });\n      if (messages.enabled) {\n        cy.task(constants_1.TASK_TEST_STEP_STARTED, hook.id, { log: false });\n      }\n      return cy.wrap(start, { log: false });\n    }).then((start) => {\n      (0, cypress_1.runStepWithLogGroup)({\n        fn: () => registry2.runHook(this, hook),\n        keyword: hook.keyword\n      });\n      return cy.wrap(start, { log: false });\n    }).then((start) => {\n      const end = (0, messages_helpers_1.createTimestamp)();\n      messages.stack.push({\n        testStepFinished: {\n          testStepId: hook.id,\n          testCaseStartedId,\n          testStepResult: {\n            status: Status.Passed,\n            duration: (0, messages_helpers_1.duration)(start, end)\n          },\n          timestamp: end\n        }\n      });\n      remainingSteps.shift();\n    });\n  } else if (step.pickleStep) {\n    const pickleStep = step.pickleStep;\n    const text = (0, assertions_1.assertAndReturn)(pickleStep.text, \"Expected pickle step to have a text\");\n    const scenarioStep = (0, assertions_1.assertAndReturn)(astIdMap.get((0, assertions_1.assertAndReturn)((_a2 = pickleStep.astNodeIds) === null || _a2 === void 0 ? void 0 : _a2[0], \"Expected to find at least one astNodeId\")), `Expected to find scenario step associated with id = ${(_b = pickleStep.astNodeIds) === null || _b === void 0 ? void 0 : _b[0]}`);\n    const argument = ((_c = pickleStep.argument) === null || _c === void 0 ? void 0 : _c.dataTable) ? new data_table_1.default(pickleStep.argument.dataTable) : ((_e = (_d = pickleStep.argument) === null || _d === void 0 ? void 0 : _d.docString) === null || _e === void 0 ? void 0 : _e.content) ? pickleStep.argument.docString.content : void 0;\n    cy.then(() => {\n      window.testState.pickleStep = step.pickleStep;\n      internalProperties.currentStep = { pickleStep };\n      const start = (0, messages_helpers_1.createTimestamp)();\n      messages.stack.push({\n        testStepStarted: {\n          testStepId: pickleStep.id,\n          testCaseStartedId,\n          timestamp: start\n        }\n      });\n      if (messages.enabled) {\n        cy.task(constants_1.TASK_TEST_STEP_STARTED, pickleStep.id, { log: false });\n      }\n      return cy.wrap(start, { log: false });\n    }).then((start) => {\n      try {\n        return (0, cypress_1.runStepWithLogGroup)({\n          keyword: (0, assertions_1.assertAndReturn)(\"keyword\" in scenarioStep && scenarioStep.keyword, \"Expected to find a keyword in the scenario step\"),\n          text,\n          fn: () => registry2.runStepDefininition(this, text, argument)\n        }).then((result) => {\n          return {\n            start,\n            result\n          };\n        });\n      } catch (e) {\n        if (e instanceof registry_1.MissingDefinitionError) {\n          throw new Error(createMissingStepDefinitionMessage(context, pickleStep, context.registry.parameterTypeRegistry));\n        } else {\n          throw e;\n        }\n      }\n    }).then(({ start, result }) => {\n      var _a3, _b2, _c2;\n      const end = (0, messages_helpers_1.createTimestamp)();\n      if (result === \"pending\") {\n        messages.stack.push({\n          testStepFinished: {\n            testStepId: pickleStep.id,\n            testCaseStartedId,\n            testStepResult: {\n              status: Status.Pending,\n              duration: (0, messages_helpers_1.duration)(start, end)\n            },\n            timestamp: end\n          }\n        });\n        remainingSteps.shift();\n        for (const skippedStep of remainingSteps) {\n          const testStepId = (0, assertions_1.assertAndReturn)((_b2 = (_a3 = skippedStep.hook) === null || _a3 === void 0 ? void 0 : _a3.id) !== null && _b2 !== void 0 ? _b2 : (_c2 = skippedStep.pickleStep) === null || _c2 === void 0 ? void 0 : _c2.id, \"Expected a step to either be a hook or a pickleStep\");\n          messages.stack.push({\n            testStepStarted: {\n              testStepId,\n              testCaseStartedId,\n              timestamp: (0, messages_helpers_1.createTimestamp)()\n            }\n          });\n          messages.stack.push({\n            testStepFinished: {\n              testStepId,\n              testCaseStartedId,\n              testStepResult: {\n                status: Status.Skipped,\n                duration: {\n                  seconds: 0,\n                  nanos: 0\n                }\n              },\n              timestamp: (0, messages_helpers_1.createTimestamp)()\n            }\n          });\n        }\n        for (let i = 0, count = remainingSteps.length; i < count; i++) {\n          remainingSteps.pop();\n        }\n        this.skip();\n      } else {\n        messages.stack.push({\n          testStepFinished: {\n            testStepId: pickleStep.id,\n            testCaseStartedId,\n            testStepResult: {\n              status: Status.Passed,\n              duration: (0, messages_helpers_1.duration)(start, end)\n            },\n            timestamp: end\n          }\n        });\n        remainingSteps.shift();\n      }\n    });\n  }\n}",
              "err": {
                "message": "AssertionError: Timed out retrying after 4000ms: Expected to find element: `[id$=\"input-7\"]`, but never found it.",
                "estack": "AssertionError: Timed out retrying after 4000ms: Expected to find element: `[id$=\"input-7\"]`, but never found it.\n    at LoginPage.enterUsername (https://www.shellenergy.nl/__cypress/tests?p=cypress/e2e/features/login.feature:10747:14)\n    at Context.eval (https://www.shellenergy.nl/__cypress/tests?p=cypress/e2e/features/login.feature:10775:19)\n    at Registry.runStepDefininition (https://www.shellenergy.nl/__cypress/tests?p=cypress/e2e/features/login.feature:9251:48)\n    at Object.fn (https://www.shellenergy.nl/__cypress/tests?p=cypress/e2e/features/login.feature:10146:41)\n    at runStepWithLogGroup (https://www.shellenergy.nl/__cypress/tests?p=cypress/e2e/features/login.feature:9856:36)\n    at Context.eval (https://www.shellenergy.nl/__cypress/tests?p=cypress/e2e/features/login.feature:10143:60)",
                "diff": null
              },
              "uuid": "9771013b-52e1-4fde-a507-1ec3d1e5bb40",
              "parentUUID": "12e87bbd-5217-4415-a1f0-4de574be214d",
              "isHook": false,
              "skipped": false
            }
          ],
          "suites": [],
          "passes": [],
          "failures": [
            "9771013b-52e1-4fde-a507-1ec3d1e5bb40"
          ],
          "pending": [],
          "skipped": [],
          "duration": 9964,
          "root": false,
          "rootEmpty": false,
          "_timeout": 2000
        }
      ],
      "passes": [],
      "failures": [],
      "pending": [],
      "skipped": [],
      "duration": 0,
      "root": true,
      "rootEmpty": true,
      "_timeout": 2000
    }
  ],
  "meta": {
    "mocha": {
      "version": "7.0.1"
    },
    "mochawesome": {
      "options": {
        "quiet": false,
        "reportFilename": "mochawesome",
        "saveHtml": true,
        "saveJson": true,
        "consoleReporter": "spec",
        "useInlineDiffs": false,
        "code": true
      },
      "version": "7.1.3"
    },
    "marge": {
      "options": null,
      "version": "6.2.0"
    }
  }
}